c:\users\diabl\source\repos\csc330_midtermproj_parking\csc330_midtermproj_parking\x64\debug\vc141.pdb
c:\users\diabl\source\repos\csc330_midtermproj_parking\csc330_midtermproj_parking\x64\debug\vc141.idb
c:\users\diabl\source\repos\csc330_midtermproj_parking\csc330_midtermproj_parking\x64\debug\guest.obj
c:\users\diabl\source\repos\csc330_midtermproj_parking\csc330_midtermproj_parking\x64\debug\employee.obj
c:\users\diabl\source\repos\csc330_midtermproj_parking\csc330_midtermproj_parking\x64\debug\source.obj
c:\users\diabl\source\repos\csc330_midtermproj_parking\csc330_midtermproj_parking\x64\debug\member.obj
c:\users\diabl\source\repos\csc330_midtermproj_parking\csc330_midtermproj_parking\x64\debug\garage.obj
c:\users\diabl\source\repos\csc330_midtermproj_parking\csc330_midtermproj_parking\x64\debug\person.obj
c:\users\diabl\source\repos\csc330_midtermproj_parking\csc330_midtermproj_parking\x64\debug\apartment.obj
c:\users\diabl\source\repos\csc330_midtermproj_parking\x64\debug\csc330_midtermproj_parking.exe
c:\users\diabl\source\repos\csc330_midtermproj_parking\x64\debug\csc330_midtermproj_parking.ilk
c:\users\diabl\source\repos\csc330_midtermproj_parking\x64\debug\csc330_midtermproj_parking.pdb
c:\c\seriou\csc330_midtermproj_parking\csc330_midtermproj_parking\x64\debug\apartment.obj
c:\c\seriou\csc330_midtermproj_parking\csc330_midtermproj_parking\x64\debug\employee.obj
c:\c\seriou\csc330_midtermproj_parking\csc330_midtermproj_parking\x64\debug\garage.obj
c:\c\seriou\csc330_midtermproj_parking\csc330_midtermproj_parking\x64\debug\guest.obj
c:\c\seriou\csc330_midtermproj_parking\csc330_midtermproj_parking\x64\debug\member.obj
c:\c\seriou\csc330_midtermproj_parking\csc330_midtermproj_parking\x64\debug\person.obj
c:\c\seriou\csc330_midtermproj_parking\csc330_midtermproj_parking\x64\debug\source.obj
c:\c\seriou\csc330_midtermproj_parking\csc330_midtermproj_parking\x64\debug\vc141.idb
c:\c\seriou\csc330_midtermproj_parking\csc330_midtermproj_parking\x64\debug\vc141.pdb
c:\c\seriou\csc330_midtermproj_parking\x64\debug\csc330_midtermproj_parking.pdb
c:\c\seriou\csc330_midtermproj_parking\x64\debug\csc330_midtermproj_parking.exe
c:\c\seriou\csc330_midtermproj_parking\x64\debug\csc330_midtermproj_parking.ilk
c:\c\seriou\csc330_midtermproj_parking\csc330_midtermproj_parking\x64\debug\csc330_m.cac29fb9.tlog\cl.command.1.tlog
c:\c\seriou\csc330_midtermproj_parking\csc330_midtermproj_parking\x64\debug\csc330_m.cac29fb9.tlog\cl.read.1.tlog
c:\c\seriou\csc330_midtermproj_parking\csc330_midtermproj_parking\x64\debug\csc330_m.cac29fb9.tlog\cl.write.1.tlog
c:\c\seriou\csc330_midtermproj_parking\csc330_midtermproj_parking\x64\debug\csc330_m.cac29fb9.tlog\link.command.1.tlog
c:\c\seriou\csc330_midtermproj_parking\csc330_midtermproj_parking\x64\debug\csc330_m.cac29fb9.tlog\link.read.1.tlog
c:\c\seriou\csc330_midtermproj_parking\csc330_midtermproj_parking\x64\debug\csc330_m.cac29fb9.tlog\link.write.1.tlog
